                                 Started job on |	Jun 05 11:26:21
                             Started mapping on |	Jun 05 11:26:31
                                    Finished on |	Jun 05 11:26:35
       Mapping speed, Million of reads per hour |	0.20

                          Number of input reads |	220
                      Average input read length |	307
                                    UNIQUE READS:
                   Uniquely mapped reads number |	3
                        Uniquely mapped reads % |	1.36%
                          Average mapped length |	17.67
                       Number of splices: Total |	1
            Number of splices: Annotated (sjdb) |	0
                       Number of splices: GT/AG |	1
                       Number of splices: GC/AG |	0
                       Number of splices: AT/AC |	0
               Number of splices: Non-canonical |	0
                      Mismatch rate per base, % |	1.89%
                         Deletion rate per base |	0.00%
                        Deletion average length |	0.00
                        Insertion rate per base |	0.00%
                       Insertion average length |	0.00
                             MULTI-MAPPING READS:
        Number of reads mapped to multiple loci |	8
             % of reads mapped to multiple loci |	3.64%
        Number of reads mapped to too many loci |	1
             % of reads mapped to too many loci |	0.45%
                                  UNMAPPED READS:
       % of reads unmapped: too many mismatches |	0.00%
                 % of reads unmapped: too short |	91.36%
                     % of reads unmapped: other |	3.18%
                                  CHIMERIC READS:
                       Number of chimeric reads |	0
                            % of chimeric reads |	0.00%
